<?xml version="1.0" encoding="UTF-8"?>
<!-- Generated by org.testng.reporters.JUnitReportReporter -->
<testsuite hostname="hemanthalva" name="site.ycsb.generator.TestRandomDiscreteTimestampGenerator" tests="3" failures="0" timestamp="20 Sep 2021 11:24:12 GMT" time="0.032" errors="0">
  <testcase name="systemTime" time="0.002" classname="site.ycsb.generator.TestRandomDiscreteTimestampGenerator"/>
  <testcase name="tooLarge" time="0.029" classname="site.ycsb.generator.TestRandomDiscreteTimestampGenerator"/>
  <testcase name="withStartTime" time="0.001" classname="site.ycsb.generator.TestRandomDiscreteTimestampGenerator"/>
</testsuite>
