<?xml version="1.0" encoding="UTF-8"?>
<!-- Generated by org.testng.reporters.JUnitReportReporter -->
<testsuite hostname="hemanthalva" name="site.ycsb.measurements.exporter.TestMeasurementsExporter" tests="1" failures="0" timestamp="19 Oct 2021 13:48:19 GMT" time="0.286" errors="0">
  <testcase name="testJSONArrayMeasurementsExporter" time="0.286" classname="site.ycsb.measurements.exporter.TestMeasurementsExporter"/>
</testsuite>
