<?xml version="1.0" encoding="UTF-8"?>
<!-- Generated by org.testng.reporters.JUnitReportReporter -->
<testsuite hostname="hemanthalva" name="site.ycsb.TestByteIterator" tests="1" failures="0" timestamp="7 Sep 2021 17:26:25 GMT" time="0.035" errors="0">
  <testcase name="testRandomByteIterator" time="0.035" classname="site.ycsb.TestByteIterator"/>
</testsuite>
