<?xml version="1.0" encoding="UTF-8"?>
<!-- Generated by org.testng.reporters.JUnitReportReporter -->
<testsuite hostname="hemanthalva" name="site.ycsb.TestUtils" tests="6" failures="0" timestamp="19 Oct 2021 13:48:19 GMT" time="0.124" errors="0">
  <testcase name="jvmUtils" time="0.120" classname="site.ycsb.TestUtils"/>
  <testcase name="bytesToFromLong" time="0.001" classname="site.ycsb.TestUtils"/>
  <testcase name="bytesToLongTooShort" time="0.000" classname="site.ycsb.TestUtils"/>
  <testcase name="bytesToFromDouble" time="0.001" classname="site.ycsb.TestUtils"/>
  <testcase name="bytesToLongNull" time="0.001" classname="site.ycsb.TestUtils"/>
  <testcase name="bytesToDoubleTooShort" time="0.001" classname="site.ycsb.TestUtils"/>
</testsuite>
