<?xml version="1.0" encoding="UTF-8"?>
<!-- Generated by org.testng.reporters.JUnitReportReporter -->
<testsuite hostname="hemanthalva" name="site.ycsb.workloads.TestCoreWorkload" tests="2" failures="0" timestamp="19 Oct 2021 13:48:19 GMT" time="0.005" errors="0">
  <testcase name="createOperationChooserNullProperties" time="0.001" classname="site.ycsb.workloads.TestCoreWorkload"/>
  <testcase name="createOperationChooser" time="0.004" classname="site.ycsb.workloads.TestCoreWorkload"/>
</testsuite>
