<?xml version="1.0" encoding="UTF-8"?>
<!-- Generated by org.testng.reporters.JUnitReportReporter -->
<testsuite hostname="hemanthalva" name="site.ycsb.generator.TestZipfianGenerator" tests="1" failures="0" timestamp="7 Sep 2021 17:26:25 GMT" time="0.015" errors="0">
  <testcase name="testMinAndMaxParameter" time="0.015" classname="site.ycsb.generator.TestZipfianGenerator"/>
</testsuite>
