<?xml version="1.0" encoding="UTF-8"?>
<!-- Generated by org.testng.reporters.JUnitReportReporter -->
<testsuite hostname="hemanthalva" name="site.ycsb.generator.TestUnixEpochTimestampGenerator" tests="4" failures="0" timestamp="7 Sep 2021 17:26:25 GMT" time="0.002" errors="0">
  <testcase name="variousIntervalsAndUnits" time="0.000" classname="site.ycsb.generator.TestUnixEpochTimestampGenerator"/>
  <testcase name="defaultCtor" time="0.001" classname="site.ycsb.generator.TestUnixEpochTimestampGenerator"/>
  <testcase name="ctorWithIntervalAndUnits" time="0.001" classname="site.ycsb.generator.TestUnixEpochTimestampGenerator"/>
  <testcase name="ctorWithIntervalAndUnitsAndStart" time="0.000" classname="site.ycsb.generator.TestUnixEpochTimestampGenerator"/>
</testsuite>
