<?xml version="1.0" encoding="UTF-8"?>
<!-- Generated by org.testng.reporters.JUnitReportReporter -->
<testsuite hostname="hemanthalva" name="site.ycsb.generator.TestZipfianGenerator" tests="1" failures="0" timestamp="20 Sep 2021 11:24:12 GMT" time="0.013" errors="0">
  <testcase name="testMinAndMaxParameter" time="0.013" classname="site.ycsb.generator.TestZipfianGenerator"/>
</testsuite>
