<?xml version="1.0" encoding="UTF-8"?>
<!-- Generated by org.testng.reporters.JUnitReportReporter -->
<testsuite hostname="hemanthalva" name="site.ycsb.generator.TestIncrementingPrintableStringGenerator" tests="6" failures="0" timestamp="20 Sep 2021 11:24:12 GMT" time="0.004" errors="0">
  <testcase name="rolloverOK" time="0.000" classname="site.ycsb.generator.TestIncrementingPrintableStringGenerator"/>
  <testcase name="rolloverOneCharacterOK" time="0.000" classname="site.ycsb.generator.TestIncrementingPrintableStringGenerator"/>
  <testcase name="rolloverOneCharacterException" time="0.000" classname="site.ycsb.generator.TestIncrementingPrintableStringGenerator"/>
  <testcase name="invalidLengths" time="0.002" classname="site.ycsb.generator.TestIncrementingPrintableStringGenerator"/>
  <testcase name="rolloverException" time="0.000" classname="site.ycsb.generator.TestIncrementingPrintableStringGenerator"/>
  <testcase name="invalidCharacterSets" time="0.002" classname="site.ycsb.generator.TestIncrementingPrintableStringGenerator"/>
</testsuite>
