<?xml version="1.0" encoding="UTF-8"?>
<!-- Generated by org.testng.reporters.JUnitReportReporter -->
<testsuite hostname="hemanthalva" name="site.ycsb.workloads.TestTimeSeriesWorkload" tests="13" failures="0" timestamp="7 Sep 2021 17:26:25 GMT" time="0.123" errors="0">
  <testcase name="twoThreads" time="0.004" classname="site.ycsb.workloads.TestTimeSeriesWorkload"/>
  <testcase name="badTimeUnit" time="0.002" classname="site.ycsb.workloads.TestTimeSeriesWorkload"/>
  <testcase name="insertThreeKeysTwoThreads" time="0.006" classname="site.ycsb.workloads.TestTimeSeriesWorkload"/>
  <testcase name="insertOneKeyTwoTagsLowCardinality" time="0.004" classname="site.ycsb.workloads.TestTimeSeriesWorkload"/>
  <testcase name="insertTwoKeysTwoThreads" time="0.005" classname="site.ycsb.workloads.TestTimeSeriesWorkload"/>
  <testcase name="validateSettingsDataIntegrity" time="0.003" classname="site.ycsb.workloads.TestTimeSeriesWorkload"/>
  <testcase name="failedToInitWorkloadBeforeThreadInit" time="0.001" classname="site.ycsb.workloads.TestTimeSeriesWorkload"/>
  <testcase name="insertTwoKeysTwoTagsLowCardinality" time="0.003" classname="site.ycsb.workloads.TestTimeSeriesWorkload"/>
  <testcase name="read" time="0.002" classname="site.ycsb.workloads.TestTimeSeriesWorkload"/>
  <testcase name="insertWithValidation" time="0.010" classname="site.ycsb.workloads.TestTimeSeriesWorkload"/>
  <testcase name="insertOneKeyOneTagCardinalityOne" time="0.007" classname="site.ycsb.workloads.TestTimeSeriesWorkload"/>
  <testcase name="failedToInitThread" time="0.004" classname="site.ycsb.workloads.TestTimeSeriesWorkload"/>
  <testcase name="verifyRow" time="0.072" classname="site.ycsb.workloads.TestTimeSeriesWorkload"/>
</testsuite>
