<?xml version="1.0" encoding="UTF-8"?>
<!-- Generated by org.testng.reporters.JUnitReportReporter -->
<testsuite hostname="hemanthalva" name="site.ycsb.TestNumericByteIterator" tests="2" failures="0" timestamp="20 Sep 2021 11:24:12 GMT" time="0.003" errors="0">
  <testcase name="testDouble" time="0.003" classname="site.ycsb.TestNumericByteIterator"/>
  <testcase name="testLong" time="0.000" classname="site.ycsb.TestNumericByteIterator"/>
</testsuite>
