<?xml version="1.0" encoding="UTF-8"?>
<!-- Generated by org.testng.reporters.JUnitReportReporter -->
<testsuite hostname="hemanthalva" name="site.ycsb.generator.TestZipfianGenerator" tests="1" failures="0" timestamp="19 Oct 2021 13:48:19 GMT" time="0.008" errors="0">
  <testcase name="testMinAndMaxParameter" time="0.008" classname="site.ycsb.generator.TestZipfianGenerator"/>
</testsuite>
