<?xml version="1.0" encoding="UTF-8"?>
<!-- Generated by org.testng.reporters.JUnitReportReporter -->
<testsuite hostname="hemanthalva" name="site.ycsb.TestNumericByteIterator" tests="2" failures="0" timestamp="19 Oct 2021 13:48:19 GMT" time="0.009" errors="0">
  <testcase name="testDouble" time="0.002" classname="site.ycsb.TestNumericByteIterator"/>
  <testcase name="testLong" time="0.007" classname="site.ycsb.TestNumericByteIterator"/>
</testsuite>
