<?xml version="1.0" encoding="UTF-8"?>
<!-- Generated by org.testng.reporters.JUnitReportReporter -->
<testsuite hostname="hemanthalva" name="site.ycsb.generator.AcknowledgedCounterGeneratorTest" tests="1" failures="0" timestamp="7 Sep 2021 17:26:25 GMT" time="0.778" errors="0">
  <testcase name="testIncrementPastIntegerMaxValue" time="0.778" classname="site.ycsb.generator.AcknowledgedCounterGeneratorTest"/>
</testsuite>
