<?xml version="1.0" encoding="UTF-8"?>
<!-- Generated by org.testng.reporters.JUnitReportReporter -->
<testsuite hostname="hemanthalva" name="site.ycsb.TestByteIterator" tests="1" failures="0" timestamp="20 Sep 2021 11:24:12 GMT" time="0.008" errors="0">
  <testcase name="testRandomByteIterator" time="0.008" classname="site.ycsb.TestByteIterator"/>
</testsuite>
