<?xml version="1.0" encoding="UTF-8"?>
<!-- Generated by org.testng.reporters.JUnitReportReporter -->
<testsuite hostname="hemanthalva" name="site.ycsb.workloads.TestCoreWorkload" tests="2" failures="0" timestamp="7 Sep 2021 17:26:25 GMT" time="0.017" errors="0">
  <testcase name="createOperationChooserNullProperties" time="0.000" classname="site.ycsb.workloads.TestCoreWorkload"/>
  <testcase name="createOperationChooser" time="0.017" classname="site.ycsb.workloads.TestCoreWorkload"/>
</testsuite>
