<?xml version="1.0" encoding="UTF-8"?>
<!-- Generated by org.testng.reporters.JUnitReportReporter -->
<testsuite hostname="hemanthalva" name="site.ycsb.TestNumericByteIterator" tests="2" failures="0" timestamp="7 Sep 2021 17:26:25 GMT" time="0.010" errors="0">
  <testcase name="testDouble" time="0.006" classname="site.ycsb.TestNumericByteIterator"/>
  <testcase name="testLong" time="0.004" classname="site.ycsb.TestNumericByteIterator"/>
</testsuite>
