<?xml version="1.0" encoding="UTF-8"?>
<!-- Generated by org.testng.reporters.JUnitReportReporter -->
<testsuite hostname="hemanthalva" name="site.ycsb.measurements.exporter.TestMeasurementsExporter" tests="1" failures="0" timestamp="7 Sep 2021 17:26:25 GMT" time="0.718" errors="0">
  <testcase name="testJSONArrayMeasurementsExporter" time="0.718" classname="site.ycsb.measurements.exporter.TestMeasurementsExporter"/>
</testsuite>
